<?xml version="1.0" encoding="utf-8"?><testsuites name="pytest tests"><testsuite name="pytest" errors="0" failures="0" skipped="0" tests="443" time="537.643" timestamp="2026-09-07T11:39:54.772768-05:00" hostname="Kevins_AW1"><testcase classname="tests.test_add_household_member" name="test_createsuperuser_gets_a_household_member_row_automatically" time="14.077" /><testcase classname="tests.test_add_household_member" name="test_ordinary_user_gets_no_automatic_household_member_row" time="0.587" /><testcase classname="tests.test_add_household_member" name="test_promoting_an_existing_user_to_superuser_also_grants_membership" time="1.026" /><testcase classname="tests.test_add_household_member" name="test_add_household_member_creates_then_is_idempotent" time="1.104" /><testcase classname="tests.test_add_household_member" name="test_add_household_member_unknown_email_errors_in_words" time="0.317" /><testcase classname="tests.test_auth_endpoints" name="test_wrong_password_returns_401_and_mints_no_token" time="1.177" /><testcase classname="tests.test_auth_endpoints" name="test_right_password_returns_a_token_that_passes_me" time="1.261" /><testcase classname="tests.test_auth_endpoints" name="test_revoked_token_gets_401" time="0.788" /><testcase classname="tests.test_auth_endpoints" name="test_logout_revokes_only_the_calling_token" time="1.205" /><testcase classname="tests.test_body_api" name="test_meal_log_macros_are_labelled_estimates" time="0.718" /><testcase classname="tests.test_body_api" name="test_meal_target_macros_are_not_labelled_estimates" time="0.255" /><testcase classname="tests.test_body_api" name="test_a_meal_log_accepts_its_macros_and_stores_them_as_given" time="1.654" /><testcase classname="tests.test_body_api" name="test_a_workout_set_log_carries_no_source_list_item_id" time="0.267" /><testcase classname="tests.test_body_api" name="test_a_duplicate_unique_key_is_400_in_words_not_500" time="1.567" /><testcase classname="tests.test_body_api" name="test_the_eight_body_tables_are_all_routed" time="2.833" /><testcase classname="tests.test_changes_api" name="test_unauthenticated_is_401" time="0.247" /><testcase classname="tests.test_changes_api" name="test_no_since_returns_everything" time="2.881" /><testcase classname="tests.test_changes_api" name="test_aspects_filter_selects_only_the_named_aspect" time="2.006" /><testcase classname="tests.test_changes_api" name="test_unknown_aspect_is_400_naming_the_allowed_set" time="0.892" /><testcase classname="tests.test_changes_api" name="test_server_time_round_trips_as_a_usable_since_watermark" time="4.170" /><testcase classname="tests.test_changes_api" name="test_server_time_is_a_boundary_in_the_databases_own_clock" time="1.961" /><testcase classname="tests.test_changes_api" name="test_aspects_places_and_body_returns_both" time="2.339" /><testcase classname="tests.test_changes_api" name="test_memory_aspect_returns_its_three_tables" time="1.649" /><testcase classname="tests.test_changes_api" name="test_voice_notes_aspect_is_one_table" time="1.432" /><testcase classname="tests.test_changes_api" name="test_no_aspects_returns_every_known_one" time="3.590" /><testcase classname="tests.test_changes_api" name="test_the_feed_carries_tombstones" time="1.975" /><testcase classname="tests.test_changes_api" name="test_an_unknown_aspect_names_the_new_ones_too" time="0.993" /><testcase classname="tests.test_checklists_api" name="test_unauthenticated_is_401_everywhere" time="0.279" /><testcase classname="tests.test_checklists_api" name="test_repeated_post_with_same_sync_id_is_idempotent" time="1.599" /><testcase classname="tests.test_checklists_api" name="test_create_checklist_and_item_round_trip" time="1.905" /><testcase classname="tests.test_checklists_api" name="test_tick_without_value_on_measured_item_is_400_with_exact_sentence_and_stores_nothing" time="1.713" /><testcase classname="tests.test_checklists_api" name="test_tick_with_value_on_measured_item_succeeds" time="1.915" /><testcase classname="tests.test_checklists_api" name="test_binary_item_tick_needs_no_value" time="1.918" /><testcase classname="tests.test_checklists_api" name="test_duplicate_tick_on_same_item_and_day_is_a_no_op_not_a_500" time="2.369" /><testcase classname="tests.test_checklists_api" name="test_untick_then_retick_revives_with_a_fresh_ticked_at" time="3.191" /><testcase classname="tests.test_checklists_api" name="test_untick_is_idempotent" time="1.745" /><testcase classname="tests.test_checklists_api" name="test_checklist_delete_does_not_cascade_to_items" time="1.775" /><testcase classname="tests.test_checklists_models" name="test_tables_physically_live_in_public_not_django" time="0.312" /><testcase classname="tests.test_checklists_models" name="test_updated_at_touch_trigger_overrides_whatever_the_caller_supplies" time="0.402" /><testcase classname="tests.test_checklists_models" name="test_created_at_and_updated_at_are_stamped_by_the_database_not_left_null" time="0.292" /><testcase classname="tests.test_checklists_models" name="test_item_day_unique_constraint_holds_even_across_a_soft_delete" time="0.299" /><testcase classname="tests.test_checklists_models" name="test_revive_a_soft_deleted_tick_via_update_not_a_second_insert" time="0.622" /><testcase classname="tests.test_checklists_models" name="test_measured_tick_guard_trigger_refuses_a_valueless_tick_bypassing_the_serializer" time="0.261" /><testcase classname="tests.test_checklists_models" name="test_measured_tick_guard_trigger_allows_a_valued_tick" time="0.400" /><testcase classname="tests.test_checklists_models" name="test_measured_tick_guard_trigger_leaves_a_binary_item_untouched" time="0.388" /><testcase classname="tests.test_device_token" name="test_issue_returns_raw_key_and_stores_only_its_hash" time="0.696" /><testcase classname="tests.test_device_token" name="test_revoked_token_is_reported_as_revoked" time="0.704" /><testcase classname="tests.test_events_api" name="test_unauthenticated_get_events_is_401" time="0.249" /><testcase classname="tests.test_events_api" name="test_unauthenticated_post_event_is_401" time="0.245" /><testcase classname="tests.test_events_api" name="test_create_event_returns_the_row_as_stored" time="1.512" /><testcase classname="tests.test_events_api" name="test_repeated_post_with_same_origin_guid_is_idempotent" time="1.454" /><testcase classname="tests.test_events_api" name="test_wrong_kind_is_400_naming_the_allowed_set" time="0.883" /><testcase classname="tests.test_events_api" name="test_patch_done_round_trips_and_derives_done_at" time="1.931" /><testcase classname="tests.test_events_api" name="test_delete_is_a_soft_delete_and_idempotent" time="1.631" /><testcase classname="tests.test_events_api" name="test_since_feed_omits_rows_updated_before_it" time="1.582" /><testcase classname="tests.test_gate_corpus" name="test_ledger_case_end_to_end[0-valid three-anchor statement commits]" time="1.377" /><testcase classname="tests.test_gate_corpus" name="test_ledger_case_end_to_end[1-empty extraction quarantines even when every figure is zero]" time="1.151" /><testcase classname="tests.test_gate_corpus" name="test_ledger_case_end_to_end[2-lines that do not sum to the stated total quarantine]" time="1.137" /><testcase classname="tests.test_gate_corpus" name="test_ledger_case_end_to_end[3-balance movement disagreeing with the line sum quarantines]" time="1.138" /><testcase classname="tests.test_gate_corpus" name="test_ledger_case_end_to_end[4-a single line that ties out commits]" time="1.381" /><testcase classname="tests.test_gate_corpus" name="test_ledger_case_end_to_end[5-a genuinely zero-movement month with a real line commits]" time="1.397" /><testcase classname="tests.test_gate_corpus" name="test_ledger_case_end_to_end[6-deterministic two-anchor statement with no printed total commits]" time="1.397" /><testcase classname="tests.test_gate_corpus" name="test_ledger_case_end_to_end[7-deterministic two-anchor statement whose delta check fails quarantines]" time="1.146" /><testcase classname="tests.test_gate_corpus" name="test_ledger_case_end_to_end[8-LLM-reconciled statement missing its stated total quarantines (the amendment's scope guard)]" time="1.121" /><testcase classname="tests.test_gate_corpus" name="test_ledger_case_end_to_end[9-deterministic statement with no printed total and zero lines still quarantines under rule 6]" time="1.091" /><testcase classname="tests.test_gate_corpus" name="test_pantry_case_end_to_end[0-valid receipt with a printed subtotal commits]" time="1.179" /><testcase classname="tests.test_gate_corpus" name="test_pantry_case_end_to_end[1-empty item list quarantines]" time="1.140" /><testcase classname="tests.test_gate_corpus" name="test_pantry_case_end_to_end[2-items not summing to the printed subtotal quarantines]" time="1.148" /><testcase classname="tests.test_gate_corpus" name="test_pantry_case_end_to_end[3-subtotal plus tax not reaching the printed total quarantines]" time="1.145" /><testcase classname="tests.test_gate_corpus" name="test_pantry_case_end_to_end[4-no printed subtotal, figures tie, commits]" time="1.232" /><testcase classname="tests.test_gate_corpus" name="test_pantry_case_end_to_end[5-no printed subtotal, figures do not tie, quarantines]" time="1.116" /><testcase classname="tests.test_gate_corpus" name="test_pantry_case_end_to_end[6-macro estimates never affect the gate]" time="1.242" /><testcase classname="tests.test_healthz" name="test_healthz_reports_db_ok" time="0.305" /><testcase classname="tests.test_ingest_api" name="test_a_receipt_that_ties_out_commits" time="1.409" /><testcase classname="tests.test_ingest_api" name="test_a_statement_that_ties_out_commits" time="1.436" /><testcase classname="tests.test_ingest_api" name="test_a_receipt_off_by_one_cent_quarantines_and_writes_nothing" time="1.340" /><testcase classname="tests.test_ingest_api" name="test_a_receipt_whose_items_miss_the_subtotal_quarantines" time="1.197" /><testcase classname="tests.test_ingest_api" name="test_a_statement_whose_balances_disagree_quarantines_and_writes_nothing" time="1.214" /><testcase classname="tests.test_ingest_api" name="test_an_empty_extraction_quarantines_even_when_every_figure_is_zero" time="1.098" /><testcase classname="tests.test_ingest_api" name="test_a_document_stating_no_anchor_is_quarantined_with_a_sentence" time="1.195" /><testcase classname="tests.test_ingest_api" name="test_a_deterministic_statement_with_no_printed_total_still_commits" time="1.327" /><testcase classname="tests.test_ingest_api" name="test_a_provisional_payload_is_refused_in_words_and_writes_nothing" time="1.628" /><testcase classname="tests.test_ingest_api" name="test_the_receipt_anchors_are_readable_back_from_storage" time="1.244" /><testcase classname="tests.test_ingest_api" name="test_an_absent_tax_is_stored_null_and_never_synthesised" time="1.289" /><testcase classname="tests.test_ingest_api" name="test_the_statement_anchors_are_readable_back_from_storage" time="1.412" /><testcase classname="tests.test_ingest_api" name="test_a_deterministic_statement_stores_a_null_total_not_a_derived_one" time="1.459" /><testcase classname="tests.test_ingest_api" name="test_the_macro_estimates_are_stored_and_labelled_an_estimate" time="1.257" /><testcase classname="tests.test_ingest_api" name="test_absurd_macro_estimates_cannot_change_the_verdict" time="1.228" /><testcase classname="tests.test_ingest_api" name="test_posting_the_same_receipt_twice_writes_nothing_the_second_time" time="1.644" /><testcase classname="tests.test_ingest_api" name="test_posting_the_same_statement_twice_writes_nothing_the_second_time" time="1.685" /><testcase classname="tests.test_ingest_api" name="test_a_committed_row_cannot_be_edited" time="1.522" /><testcase classname="tests.test_ingest_api" name="test_ingest_requires_a_household_token" time="0.247" /><testcase classname="tests.test_ingest_api" name="test_a_gated_statement_supersedes_provisional_rows_in_its_window" time="1.549" /><testcase classname="tests.test_ingest_api" name="test_a_float_amount_is_refused_rather_than_rounded" time="1.156" /><testcase classname="tests.test_ledger_pantry_api" name="test_unauthenticated_list_is_401[/api/ledger/statements/]" time="0.261" /><testcase classname="tests.test_ledger_pantry_api" name="test_unauthenticated_list_is_401[/api/ledger/transactions/]" time="0.250" /><testcase classname="tests.test_ledger_pantry_api" name="test_unauthenticated_list_is_401[/api/pantry/receipts/]" time="0.247" /><testcase classname="tests.test_ledger_pantry_api" name="test_unauthenticated_list_is_401[/api/pantry/line-items/]" time="0.254" /><testcase classname="tests.test_ledger_pantry_api" name="test_unauthenticated_list_is_401[/api/ingest/files/]" time="0.246" /><testcase classname="tests.test_ledger_pantry_api" name="test_unauthenticated_list_is_401[/api/ledger/categories/]" time="0.253" /><testcase classname="tests.test_ledger_pantry_api" name="test_unauthenticated_list_is_401[/api/ledger/category_rules/]" time="0.253" /><testcase classname="tests.test_ledger_pantry_api" name="test_unauthenticated_list_is_401[/api/ledger/budget_targets/]" time="0.250" /><testcase classname="tests.test_ledger_pantry_api" name="test_unauthenticated_list_is_401[/api/pantry/grocery_staples/]" time="0.246" /><testcase classname="tests.test_ledger_pantry_api" name="test_unauthenticated_put_on_a_gated_table_is_401_not_405[statements]" time="0.251" /><testcase classname="tests.test_ledger_pantry_api" name="test_unauthenticated_put_on_a_gated_table_is_401_not_405[ledger_transactions]" time="0.254" /><testcase classname="tests.test_ledger_pantry_api" name="test_unauthenticated_put_on_a_gated_table_is_401_not_405[receipts]" time="0.253" /><testcase classname="tests.test_ledger_pantry_api" name="test_unauthenticated_put_on_a_gated_table_is_401_not_405[receipt_line_items]" time="0.253" /><testcase classname="tests.test_ledger_pantry_api" name="test_unauthenticated_put_on_a_gated_table_is_401_not_405[ingested_files]" time="0.250" /><testcase classname="tests.test_ledger_pantry_api" name="test_unauthenticated_changes_is_401" time="0.264" /><testcase classname="tests.test_ledger_pantry_api" name="test_a_write_to_a_gated_detail_route_is_405_naming_the_gate[put-statements]" time="0.858" /><testcase classname="tests.test_ledger_pantry_api" name="test_a_write_to_a_gated_detail_route_is_405_naming_the_gate[put-ledger_transactions]" time="0.896" /><testcase classname="tests.test_ledger_pantry_api" name="test_a_write_to_a_gated_detail_route_is_405_naming_the_gate[put-receipts]" time="0.836" /><testcase classname="tests.test_ledger_pantry_api" name="test_a_write_to_a_gated_detail_route_is_405_naming_the_gate[put-receipt_line_items]" time="0.801" /><testcase classname="tests.test_ledger_pantry_api" name="test_a_write_to_a_gated_detail_route_is_405_naming_the_gate[put-ingested_files]" time="0.868" /><testcase classname="tests.test_ledger_pantry_api" name="test_a_write_to_a_gated_detail_route_is_405_naming_the_gate[delete-statements]" time="0.895" /><testcase classname="tests.test_ledger_pantry_api" name="test_a_write_to_a_gated_detail_route_is_405_naming_the_gate[delete-ledger_transactions]" time="0.883" /><testcase classname="tests.test_ledger_pantry_api" name="test_a_write_to_a_gated_detail_route_is_405_naming_the_gate[delete-receipts]" time="0.885" /><testcase classname="tests.test_ledger_pantry_api" name="test_a_write_to_a_gated_detail_route_is_405_naming_the_gate[delete-receipt_line_items]" time="0.853" /><testcase classname="tests.test_ledger_pantry_api" name="test_a_write_to_a_gated_detail_route_is_405_naming_the_gate[delete-ingested_files]" time="0.880" /><testcase classname="tests.test_ledger_pantry_api" name="test_a_post_to_a_gated_list_route_is_405_naming_the_gate[statements]" time="0.874" /><testcase classname="tests.test_ledger_pantry_api" name="test_a_post_to_a_gated_list_route_is_405_naming_the_gate[ledger_transactions]" time="0.901" /><testcase classname="tests.test_ledger_pantry_api" name="test_a_post_to_a_gated_list_route_is_405_naming_the_gate[receipts]" time="0.894" /><testcase classname="tests.test_ledger_pantry_api" name="test_a_post_to_a_gated_list_route_is_405_naming_the_gate[receipt_line_items]" time="0.871" /><testcase classname="tests.test_ledger_pantry_api" name="test_a_post_to_a_gated_list_route_is_405_naming_the_gate[ingested_files]" time="0.886" /><testcase classname="tests.test_ledger_pantry_api" name="test_the_gate_endpoints_themselves_still_route" time="1.401" /><testcase classname="tests.test_ledger_pantry_api" name="test_a_committed_statement_and_its_transactions_are_readable" time="1.705" /><testcase classname="tests.test_ledger_pantry_api" name="test_a_committed_receipt_and_its_line_items_are_readable" time="1.668" /><testcase classname="tests.test_ledger_pantry_api" name="test_a_quarantined_file_is_readable_with_its_reason" time="1.772" /><testcase classname="tests.test_ledger_pantry_api" name="test_retrieve_returns_one_gated_row_and_404s_for_an_unknown_id" time="1.621" /><testcase classname="tests.test_ledger_pantry_api" name="test_a_gated_feed_carries_no_tombstone_columns[statements]" time="2.093" /><testcase classname="tests.test_ledger_pantry_api" name="test_a_gated_feed_carries_no_tombstone_columns[ledger_transactions]" time="2.120" /><testcase classname="tests.test_ledger_pantry_api" name="test_a_gated_feed_carries_no_tombstone_columns[receipts]" time="2.081" /><testcase classname="tests.test_ledger_pantry_api" name="test_a_gated_feed_carries_no_tombstone_columns[receipt_line_items]" time="2.105" /><testcase classname="tests.test_ledger_pantry_api" name="test_a_gated_feed_carries_no_tombstone_columns[ingested_files]" time="2.051" /><testcase classname="tests.test_ledger_pantry_api" name="test_the_feed_is_keyed_on_created_at" time="2.694" /><testcase classname="tests.test_ledger_pantry_api" name="test_active_is_accepted_and_narrows_nothing_on_a_gated_table" time="1.659" /><testcase classname="tests.test_ledger_pantry_api" name="test_a_full_page_hands_back_a_next_cursor_and_a_short_one_does_not" time="2.194" /><testcase classname="tests.test_ledger_pantry_api" name="test_a_cents_field_is_a_json_integer[statements-stated_total]" time="2.083" /><testcase classname="tests.test_ledger_pantry_api" name="test_a_cents_field_is_a_json_integer[statements-opening]" time="2.113" /><testcase classname="tests.test_ledger_pantry_api" name="test_a_cents_field_is_a_json_integer[statements-closing]" time="2.518" /><testcase classname="tests.test_ledger_pantry_api" name="test_a_cents_field_is_a_json_integer[transactions-amount]" time="2.111" /><testcase classname="tests.test_ledger_pantry_api" name="test_a_cents_field_is_a_json_integer[receipts-total]" time="2.023" /><testcase classname="tests.test_ledger_pantry_api" name="test_a_cents_field_is_a_json_integer[receipts-subtotal]" time="2.106" /><testcase classname="tests.test_ledger_pantry_api" name="test_a_cents_field_is_a_json_integer[receipts-tax]" time="2.131" /><testcase classname="tests.test_ledger_pantry_api" name="test_a_cents_field_is_a_json_integer[line-items-unit_price]" time="2.116" /><testcase classname="tests.test_ledger_pantry_api" name="test_a_cents_field_is_a_json_integer[line-items-total_price]" time="2.153" /><testcase classname="tests.test_ledger_pantry_api" name="test_amount_cents_round_trips_as_an_integer" time="1.238" /><testcase classname="tests.test_ledger_pantry_api" name="test_a_fractional_amount_cents_is_refused" time="1.515" /><testcase classname="tests.test_ledger_pantry_api" name="test_a_config_row_tombstones_and_the_feed_still_carries_it" time="1.984" /><testcase classname="tests.test_ledger_pantry_api" name="test_a_second_budget_target_for_one_category_month_is_refused" time="1.705" /><testcase classname="tests.test_ledger_pantry_api" name="test_a_category_rule_keeps_the_phones_own_write_instant" time="1.196" /><testcase classname="tests.test_ledger_pantry_api" name="test_changes_returns_the_ledger_and_pantry_tables" time="3.047" /><testcase classname="tests.test_ledger_pantry_api" name="test_changes_accepts_ingest_and_returns_the_file_ledger" time="1.489" /><testcase classname="tests.test_ledger_pantry_api" name="test_changes_with_no_aspects_includes_the_new_tables" time="2.811" /><testcase classname="tests.test_memory_api" name="test_memory_audit_has_no_delete_route_and_says_why" time="1.403" /><testcase classname="tests.test_memory_api" name="test_memory_audit_still_accepts_an_upsert" time="1.700" /><testcase classname="tests.test_memory_api" name="test_companion_memory_carries_no_embedding" time="1.314" /><testcase classname="tests.test_memory_api" name="test_importance_defaults_to_the_column_default_when_omitted" time="1.185" /><testcase classname="tests.test_memory_api" name="test_importance_out_of_range_is_400_naming_the_bounds" time="1.052" /><testcase classname="tests.test_memory_api" name="test_a_bad_source_is_400_naming_the_allowed_set" time="1.018" /><testcase classname="tests.test_memory_api" name="test_a_car_anchored_memory_is_not_returned_for_another_vehicle" time="1.933" /><testcase classname="tests.test_memory_api" name="test_driver_and_relationship_memories_cross_every_vehicle" time="2.364" /><testcase classname="tests.test_memory_api" name="test_omitting_the_vehicle_returns_every_row_because_this_is_also_the_replica_feed" time="1.850" /><testcase classname="tests.test_memory_api" name="test_the_vehicle_filter_composes_with_active_and_since" time="2.224" /><testcase classname="tests.test_memory_api" name="test_a_blank_vehicle_is_read_as_not_asking_rather_than_as_a_vehicle" time="1.396" /><testcase classname="tests.test_memory_api" name="test_the_vehicle_filter_is_only_on_companion_memories" time="1.415" /><testcase classname="tests.test_openapi_schema" name="test_declared_list_response_matches_a_real_synced_list_call" time="1.546" /><testcase classname="tests.test_openapi_schema" name="test_declared_list_response_matches_a_real_events_call" time="1.586" /><testcase classname="tests.test_openapi_schema" name="test_every_key_the_changes_feed_returns_is_declared" time="3.072" /><testcase classname="tests.test_openapi_schema" name="test_declared_404_matches_the_real_one" time="1.591" /><testcase classname="tests.test_places_api" name="test_the_url_label_is_the_identity_and_the_body_cannot_override_it" time="1.283" /><testcase classname="tests.test_places_api" name="test_re_tagging_a_forgotten_label_revives_it" time="2.057" /><testcase classname="tests.test_places_api" name="test_a_blank_label_is_refused_in_words" time="0.930" /><testcase classname="tests.test_places_api" name="test_longitude_out_of_range_is_400_naming_the_bounds" time="1.059" /><testcase classname="tests.test_places_api" name="test_provenance_is_the_servers_to_state" time="1.168" /><testcase classname="tests.test_places_api" name="test_unauthenticated_delete_is_401" time="0.268" /><testcase classname="tests.test_places_api" name="test_there_is_no_post_route_for_a_client_keyed_table" time="0.887" /><testcase classname="tests.test_places_api" name="test_a_label_longer_than_thirty_characters_is_refused_in_words" time="1.043" /><testcase classname="tests.test_places_api" name="test_a_thirty_character_label_is_accepted" time="1.164" /><testcase classname="tests.test_synced_contract" name="test_unauthenticated_list_is_401[places]" time="0.249" /><testcase classname="tests.test_synced_contract" name="test_unauthenticated_list_is_401[bodyweight_logs]" time="0.256" /><testcase classname="tests.test_synced_contract" name="test_unauthenticated_list_is_401[meal_logs]" time="0.251" /><testcase classname="tests.test_synced_contract" name="test_unauthenticated_list_is_401[meal_targets]" time="0.250" /><testcase classname="tests.test_synced_contract" name="test_unauthenticated_list_is_401[sleep_logs]" time="0.245" /><testcase classname="tests.test_synced_contract" name="test_unauthenticated_list_is_401[sleep_targets]" time="0.251" /><testcase classname="tests.test_synced_contract" name="test_unauthenticated_list_is_401[workout_plans]" time="0.258" /><testcase classname="tests.test_synced_contract" name="test_unauthenticated_list_is_401[workout_plan_items]" time="0.248" /><testcase classname="tests.test_synced_contract" name="test_unauthenticated_list_is_401[workout_set_logs]" time="0.248" /><testcase classname="tests.test_synced_contract" name="test_unauthenticated_list_is_401[memories]" time="0.271" /><testcase classname="tests.test_synced_contract" name="test_unauthenticated_list_is_401[companion_memories]" time="0.258" /><testcase classname="tests.test_synced_contract" name="test_unauthenticated_list_is_401[memory_audit]" time="0.249" /><testcase classname="tests.test_synced_contract" name="test_unauthenticated_list_is_401[categories]" time="0.254" /><testcase classname="tests.test_synced_contract" name="test_unauthenticated_list_is_401[category_rules]" time="0.248" /><testcase classname="tests.test_synced_contract" name="test_unauthenticated_list_is_401[budget_targets]" time="0.252" /><testcase classname="tests.test_synced_contract" name="test_unauthenticated_list_is_401[grocery_staples]" time="0.256" /><testcase classname="tests.test_synced_contract" name="test_unauthenticated_put_is_401[places]" time="0.243" /><testcase classname="tests.test_synced_contract" name="test_unauthenticated_put_is_401[bodyweight_logs]" time="0.249" /><testcase classname="tests.test_synced_contract" name="test_unauthenticated_put_is_401[meal_logs]" time="0.250" /><testcase classname="tests.test_synced_contract" name="test_unauthenticated_put_is_401[meal_targets]" time="0.248" /><testcase classname="tests.test_synced_contract" name="test_unauthenticated_put_is_401[sleep_logs]" time="0.250" /><testcase classname="tests.test_synced_contract" name="test_unauthenticated_put_is_401[sleep_targets]" time="0.249" /><testcase classname="tests.test_synced_contract" name="test_unauthenticated_put_is_401[workout_plans]" time="0.246" /><testcase classname="tests.test_synced_contract" name="test_unauthenticated_put_is_401[workout_plan_items]" time="0.250" /><testcase classname="tests.test_synced_contract" name="test_unauthenticated_put_is_401[workout_set_logs]" time="0.267" /><testcase classname="tests.test_synced_contract" name="test_unauthenticated_put_is_401[memories]" time="0.250" /><testcase classname="tests.test_synced_contract" name="test_unauthenticated_put_is_401[companion_memories]" time="0.247" /><testcase classname="tests.test_synced_contract" name="test_unauthenticated_put_is_401[memory_audit]" time="0.246" /><testcase classname="tests.test_synced_contract" name="test_unauthenticated_put_is_401[categories]" time="0.250" /><testcase classname="tests.test_synced_contract" name="test_unauthenticated_put_is_401[category_rules]" time="0.250" /><testcase classname="tests.test_synced_contract" name="test_unauthenticated_put_is_401[budget_targets]" time="0.253" /><testcase classname="tests.test_synced_contract" name="test_unauthenticated_put_is_401[grocery_staples]" time="0.245" /><testcase classname="tests.test_synced_contract" name="test_put_creates_and_returns_the_row_as_stored[places]" time="1.206" /><testcase classname="tests.test_synced_contract" name="test_put_creates_and_returns_the_row_as_stored[bodyweight_logs]" time="1.185" /><testcase classname="tests.test_synced_contract" name="test_put_creates_and_returns_the_row_as_stored[meal_logs]" time="1.181" /><testcase classname="tests.test_synced_contract" name="test_put_creates_and_returns_the_row_as_stored[meal_targets]" time="1.266" /><testcase classname="tests.test_synced_contract" name="test_put_creates_and_returns_the_row_as_stored[sleep_logs]" time="1.190" /><testcase classname="tests.test_synced_contract" name="test_put_creates_and_returns_the_row_as_stored[sleep_targets]" time="1.228" /><testcase classname="tests.test_synced_contract" name="test_put_creates_and_returns_the_row_as_stored[workout_plans]" time="1.234" /><testcase classname="tests.test_synced_contract" name="test_put_creates_and_returns_the_row_as_stored[workout_plan_items]" time="1.251" /><testcase classname="tests.test_synced_contract" name="test_put_creates_and_returns_the_row_as_stored[workout_set_logs]" time="1.185" /><testcase classname="tests.test_synced_contract" name="test_put_creates_and_returns_the_row_as_stored[memories]" time="1.196" /><testcase classname="tests.test_synced_contract" name="test_put_creates_and_returns_the_row_as_stored[companion_memories]" time="1.208" /><testcase classname="tests.test_synced_contract" name="test_put_creates_and_returns_the_row_as_stored[memory_audit]" time="1.212" /><testcase classname="tests.test_synced_contract" name="test_put_creates_and_returns_the_row_as_stored[categories]" time="1.270" /><testcase classname="tests.test_synced_contract" name="test_put_creates_and_returns_the_row_as_stored[category_rules]" time="1.187" /><testcase classname="tests.test_synced_contract" name="test_put_creates_and_returns_the_row_as_stored[budget_targets]" time="1.206" /><testcase classname="tests.test_synced_contract" name="test_put_creates_and_returns_the_row_as_stored[grocery_staples]" time="1.231" /><testcase classname="tests.test_synced_contract" name="test_repeated_put_is_idempotent[places]" time="1.885" /><testcase classname="tests.test_synced_contract" name="test_repeated_put_is_idempotent[bodyweight_logs]" time="1.855" /><testcase classname="tests.test_synced_contract" name="test_repeated_put_is_idempotent[meal_logs]" time="1.850" /><testcase classname="tests.test_synced_contract" name="test_repeated_put_is_idempotent[meal_targets]" time="1.939" /><testcase classname="tests.test_synced_contract" name="test_repeated_put_is_idempotent[sleep_logs]" time="1.822" /><testcase classname="tests.test_synced_contract" name="test_repeated_put_is_idempotent[sleep_targets]" time="1.948" /><testcase classname="tests.test_synced_contract" name="test_repeated_put_is_idempotent[workout_plans]" time="1.971" /><testcase classname="tests.test_synced_contract" name="test_repeated_put_is_idempotent[workout_plan_items]" time="1.860" /><testcase classname="tests.test_synced_contract" name="test_repeated_put_is_idempotent[workout_set_logs]" time="1.884" /><testcase classname="tests.test_synced_contract" name="test_repeated_put_is_idempotent[memories]" time="1.864" /><testcase classname="tests.test_synced_contract" name="test_repeated_put_is_idempotent[companion_memories]" time="1.867" /><testcase classname="tests.test_synced_contract" name="test_repeated_put_is_idempotent[memory_audit]" time="1.861" /><testcase classname="tests.test_synced_contract" name="test_repeated_put_is_idempotent[categories]" time="1.951" /><testcase classname="tests.test_synced_contract" name="test_repeated_put_is_idempotent[category_rules]" time="1.857" /><testcase classname="tests.test_synced_contract" name="test_repeated_put_is_idempotent[budget_targets]" time="1.910" /><testcase classname="tests.test_synced_contract" name="test_repeated_put_is_idempotent[grocery_staples]" time="1.952" /><testcase classname="tests.test_synced_contract" name="test_put_updates_an_existing_row_in_place[places]" time="1.625" /><testcase classname="tests.test_synced_contract" name="test_put_updates_an_existing_row_in_place[bodyweight_logs]" time="1.621" /><testcase classname="tests.test_synced_contract" name="test_put_updates_an_existing_row_in_place[meal_logs]" time="1.616" /><testcase classname="tests.test_synced_contract" name="test_put_updates_an_existing_row_in_place[meal_targets]" time="1.742" /><testcase classname="tests.test_synced_contract" name="test_put_updates_an_existing_row_in_place[sleep_logs]" time="1.640" /><testcase classname="tests.test_synced_contract" name="test_put_updates_an_existing_row_in_place[sleep_targets]" time="1.753" /><testcase classname="tests.test_synced_contract" name="test_put_updates_an_existing_row_in_place[workout_plans]" time="1.738" /><testcase classname="tests.test_synced_contract" name="test_put_updates_an_existing_row_in_place[workout_plan_items]" time="1.778" /><testcase classname="tests.test_synced_contract" name="test_put_updates_an_existing_row_in_place[workout_set_logs]" time="2.095" /><testcase classname="tests.test_synced_contract" name="test_put_updates_an_existing_row_in_place[memories]" time="2.115" /><testcase classname="tests.test_synced_contract" name="test_put_updates_an_existing_row_in_place[companion_memories]" time="1.948" /><testcase classname="tests.test_synced_contract" name="test_put_updates_an_existing_row_in_place[memory_audit]" time="1.633" /><testcase classname="tests.test_synced_contract" name="test_put_updates_an_existing_row_in_place[categories]" time="1.710" /><testcase classname="tests.test_synced_contract" name="test_put_updates_an_existing_row_in_place[category_rules]" time="1.572" /><testcase classname="tests.test_synced_contract" name="test_put_updates_an_existing_row_in_place[budget_targets]" time="1.672" /><testcase classname="tests.test_synced_contract" name="test_put_updates_an_existing_row_in_place[grocery_staples]" time="1.726" /><testcase classname="tests.test_synced_contract" name="test_delete_tombstones_rather_than_deleting[places]" time="1.955" /><testcase classname="tests.test_synced_contract" name="test_delete_tombstones_rather_than_deleting[bodyweight_logs]" time="1.876" /><testcase classname="tests.test_synced_contract" name="test_delete_tombstones_rather_than_deleting[meal_logs]" time="1.931" /><testcase classname="tests.test_synced_contract" name="test_delete_tombstones_rather_than_deleting[meal_targets]" time="2.034" /><testcase classname="tests.test_synced_contract" name="test_delete_tombstones_rather_than_deleting[sleep_logs]" time="1.930" /><testcase classname="tests.test_synced_contract" name="test_delete_tombstones_rather_than_deleting[sleep_targets]" time="2.009" /><testcase classname="tests.test_synced_contract" name="test_delete_tombstones_rather_than_deleting[workout_plans]" time="1.890" /><testcase classname="tests.test_synced_contract" name="test_delete_tombstones_rather_than_deleting[workout_plan_items]" time="2.009" /><testcase classname="tests.test_synced_contract" name="test_delete_tombstones_rather_than_deleting[workout_set_logs]" time="2.044" /><testcase classname="tests.test_synced_contract" name="test_delete_tombstones_rather_than_deleting[memories]" time="1.938" /><testcase classname="tests.test_synced_contract" name="test_delete_tombstones_rather_than_deleting[companion_memories]" time="1.983" /><testcase classname="tests.test_synced_contract" name="test_delete_tombstones_rather_than_deleting[categories]" time="2.019" /><testcase classname="tests.test_synced_contract" name="test_delete_tombstones_rather_than_deleting[category_rules]" time="1.944" /><testcase classname="tests.test_synced_contract" name="test_delete_tombstones_rather_than_deleting[budget_targets]" time="1.983" /><testcase classname="tests.test_synced_contract" name="test_delete_tombstones_rather_than_deleting[grocery_staples]" time="2.042" /><testcase classname="tests.test_synced_contract" name="test_active_omits_tombstones[places]" time="2.657" /><testcase classname="tests.test_synced_contract" name="test_active_omits_tombstones[bodyweight_logs]" time="2.670" /><testcase classname="tests.test_synced_contract" name="test_active_omits_tombstones[meal_logs]" time="2.211" /><testcase classname="tests.test_synced_contract" name="test_active_omits_tombstones[meal_targets]" time="2.301" /><testcase classname="tests.test_synced_contract" name="test_active_omits_tombstones[sleep_logs]" time="2.198" /><testcase classname="tests.test_synced_contract" name="test_active_omits_tombstones[sleep_targets]" time="2.319" /><testcase classname="tests.test_synced_contract" name="test_active_omits_tombstones[workout_plans]" time="2.263" /><testcase classname="tests.test_synced_contract" name="test_active_omits_tombstones[workout_plan_items]" time="2.316" /><testcase classname="tests.test_synced_contract" name="test_active_omits_tombstones[workout_set_logs]" time="2.189" /><testcase classname="tests.test_synced_contract" name="test_active_omits_tombstones[memories]" time="2.174" /><testcase classname="tests.test_synced_contract" name="test_active_omits_tombstones[companion_memories]" time="2.224" /><testcase classname="tests.test_synced_contract" name="test_active_omits_tombstones[categories]" time="2.286" /><testcase classname="tests.test_synced_contract" name="test_active_omits_tombstones[category_rules]" time="2.196" /><testcase classname="tests.test_synced_contract" name="test_active_omits_tombstones[budget_targets]" time="2.300" /><testcase classname="tests.test_synced_contract" name="test_active_omits_tombstones[grocery_staples]" time="2.288" /><testcase classname="tests.test_synced_contract" name="test_since_feed_omits_rows_changed_before_the_watermark[places]" time="1.862" /><testcase classname="tests.test_synced_contract" name="test_since_feed_omits_rows_changed_before_the_watermark[bodyweight_logs]" time="1.859" /><testcase classname="tests.test_synced_contract" name="test_since_feed_omits_rows_changed_before_the_watermark[meal_logs]" time="1.868" /><testcase classname="tests.test_synced_contract" name="test_since_feed_omits_rows_changed_before_the_watermark[meal_targets]" time="1.929" /><testcase classname="tests.test_synced_contract" name="test_since_feed_omits_rows_changed_before_the_watermark[sleep_logs]" time="1.858" /><testcase classname="tests.test_synced_contract" name="test_since_feed_omits_rows_changed_before_the_watermark[sleep_targets]" time="1.967" /><testcase classname="tests.test_synced_contract" name="test_since_feed_omits_rows_changed_before_the_watermark[workout_plans]" time="1.943" /><testcase classname="tests.test_synced_contract" name="test_since_feed_omits_rows_changed_before_the_watermark[workout_plan_items]" time="1.964" /><testcase classname="tests.test_synced_contract" name="test_since_feed_omits_rows_changed_before_the_watermark[workout_set_logs]" time="1.847" /><testcase classname="tests.test_synced_contract" name="test_since_feed_omits_rows_changed_before_the_watermark[memories]" time="1.853" /><testcase classname="tests.test_synced_contract" name="test_since_feed_omits_rows_changed_before_the_watermark[companion_memories]" time="1.836" /><testcase classname="tests.test_synced_contract" name="test_since_feed_omits_rows_changed_before_the_watermark[memory_audit]" time="1.837" /><testcase classname="tests.test_synced_contract" name="test_since_feed_omits_rows_changed_before_the_watermark[categories]" time="1.965" /><testcase classname="tests.test_synced_contract" name="test_since_feed_omits_rows_changed_before_the_watermark[category_rules]" time="1.852" /><testcase classname="tests.test_synced_contract" name="test_since_feed_omits_rows_changed_before_the_watermark[budget_targets]" time="1.970" /><testcase classname="tests.test_synced_contract" name="test_since_feed_omits_rows_changed_before_the_watermark[grocery_staples]" time="1.964" /><testcase classname="tests.test_synced_contract" name="test_missing_since_returns_everything[places]" time="1.856" /><testcase classname="tests.test_synced_contract" name="test_missing_since_returns_everything[bodyweight_logs]" time="1.855" /><testcase classname="tests.test_synced_contract" name="test_missing_since_returns_everything[meal_logs]" time="1.861" /><testcase classname="tests.test_synced_contract" name="test_missing_since_returns_everything[meal_targets]" time="1.972" /><testcase classname="tests.test_synced_contract" name="test_missing_since_returns_everything[sleep_logs]" time="1.816" /><testcase classname="tests.test_synced_contract" name="test_missing_since_returns_everything[sleep_targets]" time="1.975" /><testcase classname="tests.test_synced_contract" name="test_missing_since_returns_everything[workout_plans]" time="1.932" /><testcase classname="tests.test_synced_contract" name="test_missing_since_returns_everything[workout_plan_items]" time="1.957" /><testcase classname="tests.test_synced_contract" name="test_missing_since_returns_everything[workout_set_logs]" time="1.860" /><testcase classname="tests.test_synced_contract" name="test_missing_since_returns_everything[memories]" time="1.854" /><testcase classname="tests.test_synced_contract" name="test_missing_since_returns_everything[companion_memories]" time="1.854" /><testcase classname="tests.test_synced_contract" name="test_missing_since_returns_everything[memory_audit]" time="1.866" /><testcase classname="tests.test_synced_contract" name="test_missing_since_returns_everything[categories]" time="1.938" /><testcase classname="tests.test_synced_contract" name="test_missing_since_returns_everything[category_rules]" time="1.831" /><testcase classname="tests.test_synced_contract" name="test_missing_since_returns_everything[budget_targets]" time="1.905" /><testcase classname="tests.test_synced_contract" name="test_missing_since_returns_everything[grocery_staples]" time="1.929" /><testcase classname="tests.test_synced_contract" name="test_unknown_field_is_400_naming_the_field[places]" time="0.941" /><testcase classname="tests.test_synced_contract" name="test_unknown_field_is_400_naming_the_field[bodyweight_logs]" time="0.942" /><testcase classname="tests.test_synced_contract" name="test_unknown_field_is_400_naming_the_field[meal_logs]" time="0.885" /><testcase classname="tests.test_synced_contract" name="test_unknown_field_is_400_naming_the_field[meal_targets]" time="0.937" /><testcase classname="tests.test_synced_contract" name="test_unknown_field_is_400_naming_the_field[sleep_logs]" time="0.943" /><testcase classname="tests.test_synced_contract" name="test_unknown_field_is_400_naming_the_field[sleep_targets]" time="0.899" /><testcase classname="tests.test_synced_contract" name="test_unknown_field_is_400_naming_the_field[workout_plans]" time="0.925" /><testcase classname="tests.test_synced_contract" name="test_unknown_field_is_400_naming_the_field[workout_plan_items]" time="0.945" /><testcase classname="tests.test_synced_contract" name="test_unknown_field_is_400_naming_the_field[workout_set_logs]" time="0.952" /><testcase classname="tests.test_synced_contract" name="test_unknown_field_is_400_naming_the_field[memories]" time="0.939" /><testcase classname="tests.test_synced_contract" name="test_unknown_field_is_400_naming_the_field[companion_memories]" time="0.933" /><testcase classname="tests.test_synced_contract" name="test_unknown_field_is_400_naming_the_field[memory_audit]" time="0.959" /><testcase classname="tests.test_synced_contract" name="test_unknown_field_is_400_naming_the_field[categories]" time="0.912" /><testcase classname="tests.test_synced_contract" name="test_unknown_field_is_400_naming_the_field[category_rules]" time="0.945" /><testcase classname="tests.test_synced_contract" name="test_unknown_field_is_400_naming_the_field[budget_targets]" time="0.906" /><testcase classname="tests.test_synced_contract" name="test_unknown_field_is_400_naming_the_field[grocery_staples]" time="0.929" /><testcase classname="tests.test_synced_contract" name="test_a_check_refused_value_is_400_naming_the_allowed_set[places-latitude]" time="1.194" /><testcase classname="tests.test_synced_contract" name="test_a_check_refused_value_is_400_naming_the_allowed_set[bodyweight-trust-tier]" time="1.185" /><testcase classname="tests.test_synced_contract" name="test_a_check_refused_value_is_400_naming_the_allowed_set[bodyweight-weight-unit]" time="1.216" /><testcase classname="tests.test_synced_contract" name="test_a_check_refused_value_is_400_naming_the_allowed_set[meal-log-blank-description]" time="1.163" /><testcase classname="tests.test_synced_contract" name="test_a_check_refused_value_is_400_naming_the_allowed_set[meal-target-calories]" time="1.245" /><testcase classname="tests.test_synced_contract" name="test_a_check_refused_value_is_400_naming_the_allowed_set[sleep-log-quality]" time="1.217" /><testcase classname="tests.test_synced_contract" name="test_a_check_refused_value_is_400_naming_the_allowed_set[sleep-target-minutes]" time="1.231" /><testcase classname="tests.test_synced_contract" name="test_a_check_refused_value_is_400_naming_the_allowed_set[workout-plan-sessions]" time="1.235" /><testcase classname="tests.test_synced_contract" name="test_a_check_refused_value_is_400_naming_the_allowed_set[workout-plan-item-sets]" time="1.192" /><testcase classname="tests.test_synced_contract" name="test_a_check_refused_value_is_400_naming_the_allowed_set[workout-set-log-weight-unit]" time="1.172" /><testcase classname="tests.test_synced_contract" name="test_a_check_refused_value_is_400_naming_the_allowed_set[memories-blank-text]" time="1.184" /><testcase classname="tests.test_synced_contract" name="test_a_check_refused_value_is_400_naming_the_allowed_set[companion-memory-category]" time="1.213" /><testcase classname="tests.test_synced_contract" name="test_a_check_refused_value_is_400_naming_the_allowed_set[memory-audit-store]" time="1.166" /><testcase classname="tests.test_synced_contract" name="test_a_check_refused_value_is_400_naming_the_allowed_set[categories-blank-name]" time="1.161" /><testcase classname="tests.test_synced_contract" name="test_a_check_refused_value_is_400_naming_the_allowed_set[category-rules-blank-substring]" time="1.193" /><testcase classname="tests.test_synced_contract" name="test_a_check_refused_value_is_400_naming_the_allowed_set[budget-targets-currency]" time="1.174" /><testcase classname="tests.test_synced_contract" name="test_a_check_refused_value_is_400_naming_the_allowed_set[grocery-staples-times-bought]" time="1.215" /><testcase classname="tests.test_voice_notes_api" name="test_unauthenticated_is_401" time="0.251" /><testcase classname="tests.test_voice_notes_api" name="test_post_creates_and_returns_the_row_as_stored" time="1.126" /><testcase classname="tests.test_voice_notes_api" name="test_the_wire_shape_carries_no_audio_path" time="1.228" /><testcase classname="tests.test_voice_notes_api" name="test_put_updates_an_existing_note_and_is_idempotent" time="1.979" /><testcase classname="tests.test_voice_notes_api" name="test_put_to_an_id_the_server_never_issued_does_not_insert" time="0.974" /><testcase classname="tests.test_voice_notes_api" name="test_a_summary_with_no_transcript_is_refused_in_words" time="0.947" /><testcase classname="tests.test_voice_notes_api" name="test_a_summary_lands_once_a_transcript_is_there" time="1.509" /><testcase classname="tests.test_voice_notes_api" name="test_wrong_kind_is_400_naming_the_allowed_set" time="0.938" /><testcase classname="tests.test_voice_notes_api" name="test_delete_tombstones_and_the_since_feed_still_carries_it" time="2.110" /><testcase classname="tests.test_voice_notes_api" name="test_since_feed_omits_notes_changed_before_the_watermark" time="1.661" /><testcase classname="tests.test_checklists_api" name="test_since_feed_excludes_checklists_before_the_watermark" time="5.172" /><testcase classname="tests.test_events_api" name="test_since_feed_excludes_rows_before_the_watermark_and_includes_tombstones" time="6.421" /><testcase classname="tests.test_events_api" name="test_updated_at_never_precedes_created_at_and_the_update_reaches_the_since_feed" time="5.814" /><testcase classname="tests.test_dedup" name="test_nothing_committed_yet_means_everything_inserts" time="0.002" /><testcase classname="tests.test_dedup" name="test_an_exact_match_is_skipped_with_no_window_needed" time="0.001" /><testcase classname="tests.test_dedup" name="test_a_differently_worded_restatement_inside_a_window_is_skipped" time="0.001" /><testcase classname="tests.test_dedup" name="test_the_same_pair_outside_a_window_inserts" time="0.001" /><testcase classname="tests.test_dedup" name="test_incoming_is_never_deduplicated_against_itself" time="0.001" /><testcase classname="tests.test_dedup" name="test_one_committed_row_absorbs_exactly_one_incoming_row" time="0.001" /><testcase classname="tests.test_dedup" name="test_pass_one_runs_completely_before_pass_two" time="0.001" /><testcase classname="tests.test_dedup" name="test_description_normalisation_collapses_whitespace_and_case" time="0.001" /><testcase classname="tests.test_gate" name="test_an_integer_and_a_digit_string_are_both_cents" time="0.001" /><testcase classname="tests.test_gate" name="test_a_float_is_refused_rather_than_truncated" time="0.001" /><testcase classname="tests.test_gate" name="test_a_decimal_string_is_refused" time="0.001" /><testcase classname="tests.test_gate" name="test_a_boolean_is_refused" time="0.001" /><testcase classname="tests.test_gate" name="test_a_missing_required_figure_is_refused_by_name" time="0.001" /><testcase classname="tests.test_gate" name="test_absent_and_blank_are_none_but_zero_is_zero" time="0.001" /><testcase classname="tests.test_gate" name="test_a_committed_verdict_carries_no_reason_and_a_refusal_always_does" time="0.001" /><testcase classname="tests.test_gate_corpus" name="test_the_corpus_actually_loaded_cases" time="0.001" /><testcase classname="tests.test_gate_corpus" name="test_ledger_case_against_the_pure_gate[0-valid three-anchor statement commits]" time="0.001" /><testcase classname="tests.test_gate_corpus" name="test_ledger_case_against_the_pure_gate[1-empty extraction quarantines even when every figure is zero]" time="0.001" /><testcase classname="tests.test_gate_corpus" name="test_ledger_case_against_the_pure_gate[2-lines that do not sum to the stated total quarantine]" time="0.001" /><testcase classname="tests.test_gate_corpus" name="test_ledger_case_against_the_pure_gate[3-balance movement disagreeing with the line sum quarantines]" time="0.001" /><testcase classname="tests.test_gate_corpus" name="test_ledger_case_against_the_pure_gate[4-a single line that ties out commits]" time="0.001" /><testcase classname="tests.test_gate_corpus" name="test_ledger_case_against_the_pure_gate[5-a genuinely zero-movement month with a real line commits]" time="0.001" /><testcase classname="tests.test_gate_corpus" name="test_ledger_case_against_the_pure_gate[6-deterministic two-anchor statement with no printed total commits]" time="0.001" /><testcase classname="tests.test_gate_corpus" name="test_ledger_case_against_the_pure_gate[7-deterministic two-anchor statement whose delta check fails quarantines]" time="0.001" /><testcase classname="tests.test_gate_corpus" name="test_ledger_case_against_the_pure_gate[8-LLM-reconciled statement missing its stated total quarantines (the amendment's scope guard)]" time="0.001" /><testcase classname="tests.test_gate_corpus" name="test_ledger_case_against_the_pure_gate[9-deterministic statement with no printed total and zero lines still quarantines under rule 6]" time="0.002" /><testcase classname="tests.test_gate_corpus" name="test_pantry_case_against_the_pure_gate[0-valid receipt with a printed subtotal commits]" time="0.003" /><testcase classname="tests.test_gate_corpus" name="test_pantry_case_against_the_pure_gate[1-empty item list quarantines]" time="0.002" /><testcase classname="tests.test_gate_corpus" name="test_pantry_case_against_the_pure_gate[2-items not summing to the printed subtotal quarantines]" time="0.003" /><testcase classname="tests.test_gate_corpus" name="test_pantry_case_against_the_pure_gate[3-subtotal plus tax not reaching the printed total quarantines]" time="0.003" /><testcase classname="tests.test_gate_corpus" name="test_pantry_case_against_the_pure_gate[4-no printed subtotal, figures tie, commits]" time="0.002" /><testcase classname="tests.test_gate_corpus" name="test_pantry_case_against_the_pure_gate[5-no printed subtotal, figures do not tie, quarantines]" time="0.003" /><testcase classname="tests.test_gate_corpus" name="test_pantry_case_against_the_pure_gate[6-macro estimates never affect the gate]" time="0.001" /><testcase classname="tests.test_legacy_models_readonly" name="test_legacy_model_round_trips_against_legion_reader[BodyweightLog-bodyweight_logs]" time="0.525" /><testcase classname="tests.test_legacy_models_readonly" name="test_legacy_model_round_trips_against_legion_reader[SleepLog-sleep_logs]" time="0.158" /><testcase classname="tests.test_legacy_models_readonly" name="test_legacy_model_round_trips_against_legion_reader[SleepTarget-sleep_targets]" time="0.157" /><testcase classname="tests.test_legacy_models_readonly" name="test_legacy_model_round_trips_against_legion_reader[WorkoutPlan-workout_plans]" time="0.153" /><testcase classname="tests.test_legacy_models_readonly" name="test_legacy_model_round_trips_against_legion_reader[WorkoutPlanItem-workout_plan_items]" time="0.159" /><testcase classname="tests.test_legacy_models_readonly" name="test_legacy_model_round_trips_against_legion_reader[WorkoutSetLog-workout_set_logs]" time="0.155" /><testcase classname="tests.test_legacy_models_readonly" name="test_legacy_model_round_trips_against_legion_reader[Goal-goals]" time="0.165" /><testcase classname="tests.test_legacy_models_readonly" name="test_legacy_model_round_trips_against_legion_reader[Vehicle-vehicles]" time="0.162" /><testcase classname="tests.test_legacy_models_readonly" name="test_legacy_model_round_trips_against_legion_reader[VehicleSpec-vehicle_specs]" time="0.155" /><testcase classname="tests.test_legacy_models_readonly" name="test_legacy_model_round_trips_against_legion_reader[Drive-drives]" time="0.156" /><testcase classname="tests.test_legacy_models_readonly" name="test_legacy_model_round_trips_against_legion_reader[DriveReassignment-drive_reassignments]" time="0.154" /><testcase classname="tests.test_legacy_models_readonly" name="test_legacy_model_round_trips_against_legion_reader[CodeEvent-code_events]" time="0.165" /><testcase classname="tests.test_legacy_models_readonly" name="test_legacy_model_round_trips_against_legion_reader[CodeClearEvent-code_clear_events]" time="0.156" /><testcase classname="tests.test_legacy_models_readonly" name="test_legacy_model_round_trips_against_legion_reader[ObdSample-obd_samples]" time="0.219" /><testcase classname="tests.test_legacy_models_readonly" name="test_legacy_model_round_trips_against_legion_reader[OilAnalysis-oil_analyses]" time="0.170" /><testcase classname="tests.test_legacy_models_readonly" name="test_legacy_model_round_trips_against_legion_reader[ServiceHistory-service_history]" time="0.151" /><testcase classname="tests.test_legacy_models_readonly" name="test_legacy_model_round_trips_against_legion_reader[MaintenanceSchedule-maintenance_schedules]" time="0.152" /><testcase classname="tests.test_legacy_models_readonly" name="test_legacy_model_round_trips_against_legion_reader[ChassisQuirk-chassis_quirks]" time="0.151" /><testcase classname="tests.test_legacy_models_readonly" name="test_legacy_model_round_trips_against_legion_reader[BuildEntry-build_entries]" time="0.159" /><testcase classname="tests.test_legacy_models_readonly" name="test_legacy_model_round_trips_against_legion_reader[Event-events]" time="0.188" /><testcase classname="tests.test_legacy_models_readonly" name="test_legacy_model_round_trips_against_legion_reader[EventSkip-event_skips]" time="0.162" /><testcase classname="tests.test_legacy_models_readonly" name="test_legacy_model_round_trips_against_legion_reader[LegacyHouseholdMember-household_members]" time="0.167" /><testcase classname="tests.test_legacy_models_readonly" name="test_legacy_model_round_trips_against_legion_reader[IngestedFile-ingested_files]" time="0.163" /><testcase classname="tests.test_legacy_models_readonly" name="test_legacy_model_round_trips_against_legion_reader[Category-categories]" time="0.154" /><testcase classname="tests.test_legacy_models_readonly" name="test_legacy_model_round_trips_against_legion_reader[CategoryRule-category_rules]" time="0.159" /><testcase classname="tests.test_legacy_models_readonly" name="test_legacy_model_round_trips_against_legion_reader[BudgetTarget-budget_targets]" time="0.155" /><testcase classname="tests.test_legacy_models_readonly" name="test_legacy_model_round_trips_against_legion_reader[Statement-statements]" time="0.157" /><testcase classname="tests.test_legacy_models_readonly" name="test_legacy_model_round_trips_against_legion_reader[LedgerTransaction-ledger_transactions]" time="0.153" /><testcase classname="tests.test_legacy_models_readonly" name="test_legacy_model_round_trips_against_legion_reader[Memory-memories]" time="0.150" /><testcase classname="tests.test_legacy_models_readonly" name="test_legacy_model_round_trips_against_legion_reader[MemoryAudit-memory_audit]" time="0.171" /><testcase classname="tests.test_legacy_models_readonly" name="test_legacy_model_round_trips_against_legion_reader[CompanionMemory-companion_memories]" time="0.158" /><testcase classname="tests.test_legacy_models_readonly" name="test_legacy_model_round_trips_against_legion_reader[ConversationAudit-conversation_audit]" time="0.166" /><testcase classname="tests.test_legacy_models_readonly" name="test_legacy_model_round_trips_against_legion_reader[VoiceNote-voice_notes]" time="0.147" /><testcase classname="tests.test_legacy_models_readonly" name="test_legacy_model_round_trips_against_legion_reader[ItemList-item_lists]" time="0.159" /><testcase classname="tests.test_legacy_models_readonly" name="test_legacy_model_round_trips_against_legion_reader[ListItem-list_items]" time="0.155" /><testcase classname="tests.test_legacy_models_readonly" name="test_legacy_model_round_trips_against_legion_reader[GroceryStaple-grocery_staples]" time="0.150" /><testcase classname="tests.test_legacy_models_readonly" name="test_legacy_model_round_trips_against_legion_reader[MealLog-meal_logs]" time="0.151" /><testcase classname="tests.test_legacy_models_readonly" name="test_legacy_model_round_trips_against_legion_reader[MealTarget-meal_targets]" time="0.154" /><testcase classname="tests.test_legacy_models_readonly" name="test_legacy_model_round_trips_against_legion_reader[Receipt-receipts]" time="0.155" /><testcase classname="tests.test_legacy_models_readonly" name="test_legacy_model_round_trips_against_legion_reader[ReceiptLineItem-receipt_line_items]" time="0.148" /><testcase classname="tests.test_legacy_models_readonly" name="test_legacy_model_round_trips_against_legion_reader[Place-places]" time="0.154" /><testcase classname="tests.test_openapi_schema" name="test_committed_openapi_schema_is_not_stale" time="1.423" /><testcase classname="tests.test_openapi_schema" name="test_schema_declares_the_device_token_security_scheme" time="6.111" /></testsuite></testsuites>